-------------------------------------------------------------------------------
Test set: br.com.airton.tests.RepositoryApplicationTests
-------------------------------------------------------------------------------
Tests run: 2, Failures: 0, Errors: 2, Skipped: 0, Time elapsed: 0.588 s <<< FAILURE! - in br.com.airton.tests.RepositoryApplicationTests
validateFailToCreatePostWithoutLogin(br.com.airton.tests.RepositoryApplicationTests)  Time elapsed: 0.002 s  <<< ERROR!
org.springframework.beans.factory.UnsatisfiedDependencyException: Error creating bean with name 'br.com.airton.tests.RepositoryApplicationTests': Unsatisfied dependency expressed through field 'usuarioController'; nested exception is org.springframework.beans.factory.NoSuchBeanDefinitionException: No qualifying bean of type 'br.com.airton.controllers.UsuarioController' available: expected at least 1 bean which qualifies as autowire candidate. Dependency annotations: {@org.springframework.beans.factory.annotation.Autowired(required=true)}
Caused by: org.springframework.beans.factory.NoSuchBeanDefinitionException: No qualifying bean of type 'br.com.airton.controllers.UsuarioController' available: expected at least 1 bean which qualifies as autowire candidate. Dependency annotations: {@org.springframework.beans.factory.annotation.Autowired(required=true)}

signinEndPointWithInvalidPassword(br.com.airton.tests.RepositoryApplicationTests)  Time elapsed: 0 s  <<< ERROR!
org.springframework.beans.factory.UnsatisfiedDependencyException: Error creating bean with name 'br.com.airton.tests.RepositoryApplicationTests': Unsatisfied dependency expressed through field 'usuarioController'; nested exception is org.springframework.beans.factory.NoSuchBeanDefinitionException: No qualifying bean of type 'br.com.airton.controllers.UsuarioController' available: expected at least 1 bean which qualifies as autowire candidate. Dependency annotations: {@org.springframework.beans.factory.annotation.Autowired(required=true)}
Caused by: org.springframework.beans.factory.NoSuchBeanDefinitionException: No qualifying bean of type 'br.com.airton.controllers.UsuarioController' available: expected at least 1 bean which qualifies as autowire candidate. Dependency annotations: {@org.springframework.beans.factory.annotation.Autowired(required=true)}

